<?xml version="1.0" encoding="UTF-8"?>
<!-- Generated by org.testng.reporters.JUnitXMLReporter -->
<testsuite ignored="0" hostname="DESKTOP-FCGDM1I" failures="1" tests="4" name="YourTest" time="78.544" errors="0" timestamp="2024-04-05T09:44:20 EEST">
  <testcase classname="finalTestNG" name="loginToPage" time="2.204"/>
  <testcase classname="finalTestNG" name="addAdminJobTitle" time="19.5">
    <failure type="org.openqa.selenium.InvalidArgumentException" message="invalid argument: 
  (Session info: chrome=123.0.6312.106)
Build info: version: &amp;apos;4.11.0&amp;apos;, revision: &amp;apos;040bc5406b&amp;apos;
System info: os.name: &amp;apos;Windows 10&amp;apos;, os.arch: &amp;apos;amd64&amp;apos;, os.version: &amp;apos;10.0&amp;apos;, java.version: &amp;apos;11.0.0.1&amp;apos;
Driver info: org.openqa.selenium.chrome.ChromeDriver
Command: [4c85124ba026b3efbbd558afb7393c4e, sendKeysToElement {id=f.3A7626F9E3F8AA74D7FB02CC0660CB5C.d.363C1E821B902490810B8DA1368D9D9E.e.99, value=[Ljava.lang.CharSequence;@1dd74143}]
Capabilities {acceptInsecureCerts: false, browserName: chrome, browserVersion: 123.0.6312.106, chrome: {chromedriverVersion: 123.0.6312.86 (9b72c47a0536..., userDataDir: C:\Users\DonK\AppData\Local...}, fedcm:accounts: true, goog:chromeOptions: {debuggerAddress: localhost:64927}, networkConnectionEnabled: false, pageLoadStrategy: normal, platformName: windows, proxy: Proxy(), se:cdp: ws://localhost:64927/devtoo..., se:cdpVersion: 123.0.6312.106, setWindowRect: true, strictFileInteractability: false, timeouts: {implicit: 0, pageLoad: 300000, script: 30000}, unhandledPromptBehavior: dismiss and notify, webauthn:extension:credBlob: true, webauthn:extension:largeBlob: true, webauthn:extension:minPinLength: true, webauthn:extension:prf: true, webauthn:virtualAuthenticators: true}
Element: [[ChromeDriver: chrome on windows (4c85124ba026b3efbbd558afb7393c4e)] -&amp;gt; xpath: //div[3]/div/div[2]/input]
Session ID: 4c85124ba026b3efbbd558afb7393c4e">
      <![CDATA[org.openqa.selenium.InvalidArgumentException: invalid argument: 
  (Session info: chrome=123.0.6312.106)
Build info: version: '4.11.0', revision: '040bc5406b'
System info: os.name: 'Windows 10', os.arch: 'amd64', os.version: '10.0', java.version: '11.0.0.1'
Driver info: org.openqa.selenium.chrome.ChromeDriver
Command: [4c85124ba026b3efbbd558afb7393c4e, sendKeysToElement {id=f.3A7626F9E3F8AA74D7FB02CC0660CB5C.d.363C1E821B902490810B8DA1368D9D9E.e.99, value=[Ljava.lang.CharSequence;@1dd74143}]
Capabilities {acceptInsecureCerts: false, browserName: chrome, browserVersion: 123.0.6312.106, chrome: {chromedriverVersion: 123.0.6312.86 (9b72c47a0536..., userDataDir: C:\Users\DonK\AppData\Local...}, fedcm:accounts: true, goog:chromeOptions: {debuggerAddress: localhost:64927}, networkConnectionEnabled: false, pageLoadStrategy: normal, platformName: windows, proxy: Proxy(), se:cdp: ws://localhost:64927/devtoo..., se:cdpVersion: 123.0.6312.106, setWindowRect: true, strictFileInteractability: false, timeouts: {implicit: 0, pageLoad: 300000, script: 30000}, unhandledPromptBehavior: dismiss and notify, webauthn:extension:credBlob: true, webauthn:extension:largeBlob: true, webauthn:extension:minPinLength: true, webauthn:extension:prf: true, webauthn:virtualAuthenticators: true}
Element: [[ChromeDriver: chrome on windows (4c85124ba026b3efbbd558afb7393c4e)] -> xpath: //div[3]/div/div[2]/input]
Session ID: 4c85124ba026b3efbbd558afb7393c4e
at org.openqa.selenium.remote.codec.w3c.W3CHttpResponseCodec.createException(W3CHttpResponseCodec.java:200)
at org.openqa.selenium.remote.codec.w3c.W3CHttpResponseCodec.decode(W3CHttpResponseCodec.java:133)
at org.openqa.selenium.remote.codec.w3c.W3CHttpResponseCodec.decode(W3CHttpResponseCodec.java:52)
at org.openqa.selenium.remote.HttpCommandExecutor.execute(HttpCommandExecutor.java:191)
at org.openqa.selenium.remote.service.DriverCommandExecutor.invokeExecute(DriverCommandExecutor.java:196)
at org.openqa.selenium.remote.service.DriverCommandExecutor.execute(DriverCommandExecutor.java:171)
at org.openqa.selenium.remote.RemoteWebDriver.execute(RemoteWebDriver.java:602)
at org.openqa.selenium.remote.RemoteWebElement.execute(RemoteWebElement.java:224)
at org.openqa.selenium.remote.RemoteWebElement.sendKeys(RemoteWebElement.java:111)
at finalTestNG.addAdminJobTitle(finalTestNG.java:89)
at java.base/java.util.ArrayList.forEach(ArrayList.java:1540)
... Removed 35 stack frames]]>
    </failure>
  </testcase> <!-- addAdminJobTitle -->
  <testcase classname="finalTestNG" name="addEmployee" time="20.288"/>
  <testcase classname="finalTestNG" name="addJobEmployee" time="27.176"/>
</testsuite> <!-- YourTest -->
